#
# A fatal error has been detected by the Java Runtime Environment:
#
#  Internal Error (javaClasses.cpp:126), pid=5332, tid=3428
#  fatal error: Invalid layout of preloaded class
#
# JRE version:  (8.0_31-b13) (build )
# Java VM: Java HotSpot(TM) Client VM (25.31-b07 mixed mode windows-x86 )
# Failed to write core dump. Minidumps are not enabled by default on client versions of Windows
#
# If you would like to submit a bug report, please visit:
#   http://bugreport.java.com/bugreport/crash.jsp
#

---------------  T H R E A D  ---------------

Current thread (0x001cc400):  JavaThread "Unknown thread" [_thread_in_vm, id=3428, stack(0x00350000,0x003a0000)]

Stack: [0x00350000,0x003a0000],  sp=0x0039f950,  free space=318k
Native frames: (J=compiled Java code, j=interpreted, Vv=VM code, C=native code)
V  [jvm.dll+0x197b8b]
V  [jvm.dll+0x1909e6]
V  [jvm.dll+0x3b409]
V  [jvm.dll+0x3b5be]
V  [jvm.dll+0x49f63]
V  [jvm.dll+0x9dd9e]
V  [jvm.dll+0x9e062]
V  [jvm.dll+0x145c31]
V  [jvm.dll+0x169cb8]
V  [jvm.dll+0xdb171]
C  [javaw.exe+0x13e4]
C  [javaw.exe+0x1eb7]
C  [javaw.exe+0xaba1]
C  [javaw.exe+0xac2b]
C  [kernel32.dll+0x1336a]
C  [ntdll.dll+0x39902]
C  [ntdll.dll+0x398d5]
C  0x00000000


---------------  P R O C E S S  ---------------

Java Threads: ( => current thread )

Other Threads:

=>0x001cc400 (exited) JavaThread "Unknown thread" [_thread_in_vm, id=3428, stack(0x00350000,0x003a0000)]

VM state:not at safepoint (not fully initialized)

VM Mutex/Monitor currently owned by a thread: None

GC Heap History (0 events):
No events

Deoptimization events (0 events):
No events

Internal exceptions (0 events):
No events

Events (10 events):
Event: 0.010 loading class java/lang/CharSequence done
Event: 0.010 loading class java/lang/String done
Event: 0.010 loading class java/lang/Class
Event: 0.010 loading class java/lang/reflect/AnnotatedElement
Event: 0.010 loading class java/lang/reflect/AnnotatedElement done
Event: 0.010 loading class java/lang/reflect/GenericDeclaration
Event: 0.010 loading class java/lang/reflect/GenericDeclaration done
Event: 0.010 loading class java/lang/reflect/Type
Event: 0.010 loading class java/lang/reflect/Type done
Event: 0.010 loading class java/lang/Class done


Dynamic libraries:
0x003d0000 - 0x00400000 	D:\Eclipse\JDK1.8\bin\javaw.exe
0x77390000 - 0x77510000 	C:\windows\SysWOW64\ntdll.dll
0x76a10000 - 0x76b20000 	C:\windows\syswow64\kernel32.dll
0x74bc0000 - 0x74c07000 	C:\windows\syswow64\KERNELBASE.dll
0x75e70000 - 0x75f11000 	C:\windows\syswow64\ADVAPI32.dll
0x75c20000 - 0x75ccc000 	C:\windows\syswow64\msvcrt.dll
0x75f40000 - 0x75f59000 	C:\windows\SysWOW64\sechost.dll
0x75d80000 - 0x75e70000 	C:\windows\syswow64\RPCRT4.dll
0x747a0000 - 0x74800000 	C:\windows\syswow64\SspiCli.dll
0x74790000 - 0x7479c000 	C:\windows\syswow64\CRYPTBASE.dll
0x76640000 - 0x76740000 	C:\windows\syswow64\USER32.dll
0x758a0000 - 0x75930000 	C:\windows\syswow64\GDI32.dll
0x768a0000 - 0x768aa000 	C:\windows\syswow64\LPK.dll
0x74ab0000 - 0x74b4d000 	C:\windows\syswow64\USP10.dll
0x72ab0000 - 0x72c4e000 	C:\windows\WinSxS\x86_microsoft.windows.common-controls_6595b64144ccf1df_6.0.7601.18837_none_41e855142bd5705d\COMCTL32.dll
0x75ff0000 - 0x76047000 	C:\windows\syswow64\SHLWAPI.dll
0x76190000 - 0x761f0000 	C:\windows\system32\IMM32.DLL
0x76540000 - 0x7660d000 	C:\windows\syswow64\MSCTF.dll
0x72db0000 - 0x72dd9000 	C:\windows\SysWOW64\nvinit.dll
0x73990000 - 0x73999000 	C:\windows\system32\VERSION.dll
0x6f9d0000 - 0x6f9d6000 	C:\Program Files (x86)\NVIDIA Corporation\CoProcManager\detoured.dll
0x6f990000 - 0x6f9c1000 	C:\Program Files (x86)\NVIDIA Corporation\CoProcManager\nvd3d9wrap.dll
0x76b30000 - 0x76ccd000 	C:\windows\syswow64\SETUPAPI.dll
0x75cd0000 - 0x75cf7000 	C:\windows\syswow64\CFGMGR32.dll
0x76d10000 - 0x76da1000 	C:\windows\syswow64\OLEAUT32.dll
0x76740000 - 0x7689c000 	C:\windows\syswow64\ole32.dll
0x75f20000 - 0x75f32000 	C:\windows\syswow64\DEVOBJ.dll
0x6f970000 - 0x6f990000 	C:\Program Files (x86)\NVIDIA Corporation\CoProcManager\nvdxgiwrap.dll
0x6e3a0000 - 0x6e45f000 	D:\Eclipse\JDK1.8\jre\bin\msvcr100.dll
0x74240000 - 0x745e4000 	D:\Eclipse\JDK1.8\jre\bin\client\jvm.dll
0x73410000 - 0x73417000 	C:\windows\system32\WSOCK32.dll
0x75d40000 - 0x75d75000 	C:\windows\syswow64\WS2_32.dll
0x74ba0000 - 0x74ba6000 	C:\windows\syswow64\NSI.dll
0x76cd0000 - 0x76d02000 	C:\windows\syswow64\WINMM.dll
0x74c30000 - 0x74c35000 	C:\windows\syswow64\PSAPI.DLL
0x74600000 - 0x7460c000 	D:\Eclipse\JDK1.8\jre\bin\verify.dll
0x74210000 - 0x74231000 	D:\Eclipse\JDK1.8\jre\bin\java.dll
0x741f0000 - 0x74203000 	D:\Eclipse\JDK1.8\jre\bin\zip.dll
0x72430000 - 0x7251b000 	C:\windows\system32\dbghelp.dll

VM Arguments:
jvm_args: -Dfile.encoding=GBK -Xbootclasspath:E:\SDK\platforms\android-19\android.jar 
java_command: com.zd.christopher.test.Test
java_class_path (initial): D:\java program\Christopher\bin\classes;D:\java program\Christopher\libs\android-support-v4.jar
Launcher Type: SUN_STANDARD

Environment Variables:
JAVA_HOME=D:\Eclipse\JDK1.8
CLASSPATH=D:\Eclipse\JDK1.8\lib
PATH=D:/Eclipse/JDK1.8/bin/../jre/bin/client;D:/Eclipse/JDK1.8/bin/../jre/bin;D:/Eclipse/JDK1.8/bin/../jre/lib/i386;D:\Python\Python2.7\;D:\Python\Python2.7\Scripts;D:\Eclipse\JDK1.8\bin;C:\Windows\system32;C:\Windows;C:\Windows\System32\Wbem;C:\Windows\System32\WindowsPowerShell\v1.0\;D:\Tomcat\bin;D:\Tomcat\lib;D:\adb\adb;C:\Program Files (x86)\NVIDIA Corporation\PhysX\Common;D:\mobiתpdf\;D:\UltraEdit\;D:\mySQL\mysql-5.6.24-win32\bin;D:\Eclipse\eclipse-standard-kepler-SR2-win32\eclipse;
USERNAME=lenovo
OS=Windows_NT
PROCESSOR_IDENTIFIER=Intel64 Family 6 Model 60 Stepping 3, GenuineIntel



---------------  S Y S T E M  ---------------

OS: Windows 7 , 64 bit Build 7601 Service Pack 1

CPU:total 4 (2 cores per cpu, 2 threads per core) family 6 model 60 stepping 3, cmov, cx8, fxsr, mmx, sse, sse2, sse3, ssse3, sse4.1, sse4.2, popcnt, avx, avx2, aes, clmul, erms, lzcnt, ht, tsc, tscinvbit, bmi1, bmi2

Memory: 4k page, physical 3901908k(1998340k free), swap 7801956k(3867908k free)

vm_info: Java HotSpot(TM) Client VM (25.31-b07) for windows-x86 JRE (1.8.0_31-b13), built on Dec 17 2014 20:46:12 by "java_re" with MS VC++ 10.0 (VS2010)

time: Mon Apr 03 10:22:24 2017
elapsed time: 0 seconds (0d 0h 0m 0s)

