#
# A fatal error has been detected by the Java Runtime Environment:
#
#  Internal Error (javaClasses.cpp:126), pid=5880, tid=4744
#  fatal error: Invalid layout of preloaded class
#
# JRE version:  (8.0_31-b13) (build )
# Java VM: Java HotSpot(TM) Client VM (25.31-b07 mixed mode windows-x86 )
# Failed to write core dump. Minidumps are not enabled by default on client versions of Windows
#
# If you would like to submit a bug report, please visit:
#   http://bugreport.java.com/bugreport/crash.jsp
#

---------------  T H R E A D  ---------------

Current thread (0x0018cc00):  JavaThread "Unknown thread" [_thread_in_vm, id=4744, stack(0x026b0000,0x02700000)]

Stack: [0x026b0000,0x02700000],  sp=0x026ff92c,  free space=318k
Native frames: (J=compiled Java code, j=interpreted, Vv=VM code, C=native code)
V  [jvm.dll+0x197b8b]
V  [jvm.dll+0x1909e6]
V  [jvm.dll+0x3b409]
V  [jvm.dll+0x3b5be]
V  [jvm.dll+0x49f63]
V  [jvm.dll+0x9dd9e]
V  [jvm.dll+0x9e062]
V  [jvm.dll+0x145c31]
V  [jvm.dll+0x169cb8]
V  [jvm.dll+0xdb171]
C  [javaw.exe+0x13e4]
C  [javaw.exe+0x1eb7]
C  [javaw.exe+0xaba1]
C  [javaw.exe+0xac2b]
C  [kernel32.dll+0x1336a]
C  [ntdll.dll+0x39902]
C  [ntdll.dll+0x398d5]
C  0x00000000


---------------  P R O C E S S  ---------------

Java Threads: ( => current thread )

Other Threads:

=>0x0018cc00 (exited) JavaThread "Unknown thread" [_thread_in_vm, id=4744, stack(0x026b0000,0x02700000)]

VM state:not at safepoint (not fully initialized)

VM Mutex/Monitor currently owned by a thread: None

GC Heap History (0 events):
No events

Deoptimization events (0 events):
No events

Internal exceptions (0 events):
No events

Events (10 events):
Event: 0.024 loading class java/lang/CharSequence done
Event: 0.024 loading class java/lang/String done
Event: 0.024 loading class java/lang/Class
Event: 0.025 loading class java/lang/reflect/AnnotatedElement
Event: 0.025 loading class java/lang/reflect/AnnotatedElement done
Event: 0.025 loading class java/lang/reflect/GenericDeclaration
Event: 0.025 loading class java/lang/reflect/GenericDeclaration done
Event: 0.025 loading class java/lang/reflect/Type
Event: 0.025 loading class java/lang/reflect/Type done
Event: 0.025 loading class java/lang/Class done


Dynamic libraries:
0x00a80000 - 0x00ab0000 	D:\Eclipse\JDK1.8\bin\javaw.exe
0x77110000 - 0x77290000 	C:\windows\SysWOW64\ntdll.dll
0x76310000 - 0x76420000 	C:\windows\syswow64\kernel32.dll
0x74c30000 - 0x74c77000 	C:\windows\syswow64\KERNELBASE.dll
0x74580000 - 0x74621000 	C:\windows\syswow64\ADVAPI32.dll
0x76b20000 - 0x76bcc000 	C:\windows\syswow64\msvcrt.dll
0x76030000 - 0x76049000 	C:\windows\SysWOW64\sechost.dll
0x74630000 - 0x74720000 	C:\windows\syswow64\RPCRT4.dll
0x74520000 - 0x74580000 	C:\windows\syswow64\SspiCli.dll
0x74510000 - 0x7451c000 	C:\windows\syswow64\CRYPTBASE.dll
0x75c70000 - 0x75d70000 	C:\windows\syswow64\USER32.dll
0x74860000 - 0x748f0000 	C:\windows\syswow64\GDI32.dll
0x761a0000 - 0x761aa000 	C:\windows\syswow64\LPK.dll
0x75f90000 - 0x7602d000 	C:\windows\syswow64\USP10.dll
0x713a0000 - 0x7153e000 	C:\windows\WinSxS\x86_microsoft.windows.common-controls_6595b64144ccf1df_6.0.7601.18837_none_41e855142bd5705d\COMCTL32.dll
0x75d70000 - 0x75dc7000 	C:\windows\syswow64\SHLWAPI.dll
0x762b0000 - 0x76310000 	C:\windows\system32\IMM32.DLL
0x74740000 - 0x7480d000 	C:\windows\syswow64\MSCTF.dll
0x71220000 - 0x71249000 	C:\windows\SysWOW64\nvinit.dll
0x73570000 - 0x73579000 	C:\windows\system32\VERSION.dll
0x6cfa0000 - 0x6cfa6000 	C:\Program Files (x86)\NVIDIA Corporation\CoProcManager\detoured.dll
0x6ced0000 - 0x6cf01000 	C:\Program Files (x86)\NVIDIA Corporation\CoProcManager\nvd3d9wrap.dll
0x76980000 - 0x76b1d000 	C:\windows\syswow64\SETUPAPI.dll
0x76890000 - 0x768b7000 	C:\windows\syswow64\CFGMGR32.dll
0x768e0000 - 0x76971000 	C:\windows\syswow64\OLEAUT32.dll
0x75e00000 - 0x75f5c000 	C:\windows\syswow64\ole32.dll
0x768c0000 - 0x768d2000 	C:\windows\syswow64\DEVOBJ.dll
0x6ceb0000 - 0x6ced0000 	C:\Program Files (x86)\NVIDIA Corporation\CoProcManager\nvdxgiwrap.dll
0x62620000 - 0x626df000 	D:\Eclipse\JDK1.8\jre\bin\msvcr100.dll
0x73940000 - 0x73ce4000 	D:\Eclipse\JDK1.8\jre\bin\client\jvm.dll
0x71250000 - 0x71257000 	C:\windows\system32\WSOCK32.dll
0x76850000 - 0x76885000 	C:\windows\syswow64\WS2_32.dll
0x770e0000 - 0x770e6000 	C:\windows\syswow64\NSI.dll
0x74d90000 - 0x74dc2000 	C:\windows\syswow64\WINMM.dll
0x75df0000 - 0x75df5000 	C:\windows\syswow64\PSAPI.DLL
0x74090000 - 0x7409c000 	D:\Eclipse\JDK1.8\jre\bin\verify.dll
0x74060000 - 0x74081000 	D:\Eclipse\JDK1.8\jre\bin\java.dll
0x74040000 - 0x74053000 	D:\Eclipse\JDK1.8\jre\bin\zip.dll
0x70f50000 - 0x7103b000 	C:\windows\system32\dbghelp.dll

VM Arguments:
jvm_args: -Dfile.encoding=GBK -Xbootclasspath:E:\SDK\platforms\android-19\android.jar 
java_command: org.eclipse.jdt.internal.junit.runner.RemoteTestRunner -version 3 -port 49883 -testLoaderClass org.eclipse.jdt.internal.junit4.runner.JUnit4TestLoader -loaderpluginname org.eclipse.jdt.junit4.runtime -test com.zd.christopher.test.Test:test
java_class_path (initial): D:\java program\Christopher\bin\classes;D:\java program\Christopher\libs\android-support-v4.jar;D:\json\org.json17.jar;D:\json\json-lib-2.4-jdk15.jar;D:\json\jsonlib\commons-beanutils-1.7.0.jar;D:\json\jsonlib\commons-collections.jar;D:\json\jsonlib\commons-collections-3.2.jar;D:\json\jsonlib\commons-httpclient-3.0.1.jar;D:\json\jsonlib\commons-lang-2.4.jar;D:\json\jsonlib\commons-logging-1.0.4.jar;D:\json\jsonlib\ezmorph-1.0.3.jar;D:\json\jsonlib\json-lib-2.2.3-jdk15.jar;D:\json\jsonlib\json-lib-2.3-jdk13.jar;D:\json\json-2.2.1.jar;D:\json\json-parser_fat.jar;/D:/Eclipse/eclipse-standard-kepler-SR2-win32/eclipse/configuration/org.eclipse.osgi/bundles/168/1/.cp/;/D:/Eclipse/eclipse-standard-kepler-SR2-win32/eclipse/configuration/org.eclipse.osgi/bundles/167/1/.cp/
Launcher Type: SUN_STANDARD

Environment Variables:
JAVA_HOME=D:\Eclipse\JDK1.8
CLASSPATH=D:\Eclipse\JDK1.8\lib
PATH=D:/Eclipse/JDK1.8/bin/../jre/bin/client;D:/Eclipse/JDK1.8/bin/../jre/bin;D:/Eclipse/JDK1.8/bin/../jre/lib/i386;D:\Python\Python2.7\;D:\Python\Python2.7\Scripts;D:\Eclipse\JDK1.8\bin;C:\Windows\system32;C:\Windows;C:\Windows\System32\Wbem;C:\Windows\System32\WindowsPowerShell\v1.0\;D:\Tomcat\bin;D:\Tomcat\lib;D:\adb\adb;C:\Program Files (x86)\NVIDIA Corporation\PhysX\Common;D:\mobiתpdf\;D:\UltraEdit\;D:\mySQL\mysql-5.6.24-win32\bin;D:\Eclipse\eclipse-standard-kepler-SR2-win32\eclipse;
USERNAME=lenovo
OS=Windows_NT
PROCESSOR_IDENTIFIER=Intel64 Family 6 Model 60 Stepping 3, GenuineIntel



---------------  S Y S T E M  ---------------

OS: Windows 7 , 64 bit Build 7601 Service Pack 1

CPU:total 4 (2 cores per cpu, 2 threads per core) family 6 model 60 stepping 3, cmov, cx8, fxsr, mmx, sse, sse2, sse3, ssse3, sse4.1, sse4.2, popcnt, avx, avx2, aes, clmul, erms, lzcnt, ht, tsc, tscinvbit, bmi1, bmi2

Memory: 4k page, physical 3901908k(1537220k free), swap 7801956k(3952880k free)

vm_info: Java HotSpot(TM) Client VM (25.31-b07) for windows-x86 JRE (1.8.0_31-b13), built on Dec 17 2014 20:46:12 by "java_re" with MS VC++ 10.0 (VS2010)

time: Sat Apr 15 18:51:31 2017
elapsed time: 0 seconds (0d 0h 0m 0s)

